<?xml version="1.0" encoding="UTF-8"?>
<!-- Generated by org.testng.reporters.JUnitReportReporter -->
<testsuite hostname="PisePC" name="Project_Zen.Project_Zen.TestNGScript1" tests="2" failures="0" timestamp="15 Aug 2020 20:38:03 GMT" time="15.031" errors="0">
  <testcase name="itenryCustomer" time="7.305" classname="Project_Zen.Project_Zen.TestNGScript1"/>
  <testcase name="login" time="7.726" classname="Project_Zen.Project_Zen.TestNGScript1"/>
</testsuite> <!-- Project_Zen.Project_Zen.TestNGScript1 -->
