<?xml version="1.0" encoding="UTF-8"?>
<!-- Generated by org.testng.reporters.JUnitReportReporter -->
<testsuite hostname="PisePC" name="Project_Zen.Project_Zen.TestAnnotation" tests="4" failures="0" timestamp="15 Aug 2020 20:38:03 GMT" time="0.002" errors="0">
  <testcase name="forth" time="0.001" classname="Project_Zen.Project_Zen.TestAnnotation"/>
  <testcase name="firstmethod" time="0.000" classname="Project_Zen.Project_Zen.TestAnnotation"/>
  <testcase name="third" time="0.001" classname="Project_Zen.Project_Zen.TestAnnotation"/>
  <testcase name="secondmethod" time="0.000" classname="Project_Zen.Project_Zen.TestAnnotation"/>
</testsuite> <!-- Project_Zen.Project_Zen.TestAnnotation -->
