<?xml version="1.0" encoding="UTF-8"?>
<!-- Generated by org.testng.reporters.JUnitReportReporter -->
<testsuite skipped="0" hostname="PisePC" name="Project_Zen.Project_Zen.TestNGScript1" tests="2" failures="0" timestamp="18 Aug 2020 20:24:56 GMT" time="22.819" errors="0">
  <testcase name="login" time="12.750" classname="Project_Zen.Project_Zen.TestNGScript1"/>
  <testcase name="itenryCustomer" time="10.069" classname="Project_Zen.Project_Zen.TestNGScript1"/>
</testsuite> <!-- Project_Zen.Project_Zen.TestNGScript1 -->
