<?xml version="1.0" encoding="UTF-8"?>
<!-- Generated by org.testng.reporters.JUnitReportReporter -->
<testsuite skipped="0" hostname="PisePC" name="Project_Zen.Project_Zen.TestAnnotation" tests="5" failures="0" timestamp="16 Aug 2020 19:24:29 GMT" time="0.000" errors="0">
  <testcase name="firstmethod" time="0.000" classname="Project_Zen.Project_Zen.TestAnnotation"/>
  <testcase name="third" time="0.000" classname="Project_Zen.Project_Zen.TestAnnotation"/>
  <testcase name="secondmethod" time="0.000" classname="Project_Zen.Project_Zen.TestAnnotation"/>
  <testcase name="forth" time="0.000" classname="Project_Zen.Project_Zen.TestAnnotation"/>
  <testcase name="fifth" time="0.000" classname="Project_Zen.Project_Zen.TestAnnotation"/>
</testsuite> <!-- Project_Zen.Project_Zen.TestAnnotation -->
