<?xml version="1.0" encoding="UTF-8"?>
<!-- Generated by org.testng.reporters.JUnitReportReporter -->
<testsuite skipped="0" hostname="PisePC" name="Project_Zen.Project_Zen.TestNGScript1" tests="2" failures="0" timestamp="16 Aug 2020 19:24:29 GMT" time="14.995" errors="0">
  <testcase name="login" time="7.695" classname="Project_Zen.Project_Zen.TestNGScript1"/>
  <testcase name="itenryCustomer" time="7.300" classname="Project_Zen.Project_Zen.TestNGScript1"/>
</testsuite> <!-- Project_Zen.Project_Zen.TestNGScript1 -->
